18:58:10 **** Rebuild of configuration Debug for project Tp-1 Calculadora ****
Info: Internal Builder is used for build
gcc -O0 -g3 -Wall -c -fmessage-length=0 -o "src\\Tp-1 Calculadora.o" "..\\src\\Tp-1 Calculadora.c" 
gcc -o "Tp-1 Calculadora.exe" "src\\Tp-1 Calculadora.o" 
Info: Nothing to build for Tp-1 Calculadora
Info: Nothing to build for Tp-1 Calculadora
19:02:59 **** Incremental Build of configuration Debug for project Tp-1 Calculadora ****
Info: Internal Builder is used for build
gcc -O0 -g3 -Wall -c -fmessage-length=0 -o "src\\Funciones.o" "..\\src\\Funciones.c" 
..\src\Funciones.c: In function 'menu':
..\src\Funciones.c:64:9: warning: unused variable 'flagCalcular' [-Wunused-variable]
     int flagCalcular=0;
         ^~~~~~~~~~~~
..\src\Funciones.c:63:9: warning: unused variable 'flagSegunNumero' [-Wunused-variable]
     int flagSegunNumero=0;
         ^~~~~~~~~~~~~~~
..\src\Funciones.c:62:9: warning: unused variable 'flagPriNumero' [-Wunused-variable]
     int flagPriNumero=0;
         ^~~~~~~~~~~~~
..\src\Funciones.c: In function 'operaciones':
..\src\Funciones.c:138:1: warning: control reaches end of non-void function [-Wreturn-type]
 }
 ^
gcc -o "Tp-1 Calculadora.exe" "src\\Funciones.o" "src\\Tp-1 Calculadora.o" 
c:/mingw/bin/../lib/gcc/mingw32/6.3.0/../../../../mingw32/bin/ld.exe: cannot open output file Tp-1 Calculadora.exe: Invalid argument
collect2.exe: error: ld returned 1 exit status
19:06:59 **** Incremental Build of configuration Debug for project Tp-1 Calculadora ****
Info: Internal Builder is used for build
gcc -O0 -g3 -Wall -c -fmessage-length=0 -o "src\\Tp-1 Calculadora.o" "..\\src\\Tp-1 Calculadora.c" 
..\src\Tp-1 Calculadora.c: In function 'main':
..\src\Tp-1 Calculadora.c:77:70: warning: format '%d' expects argument of type 'int', but argument 4 has type 'long unsigned int' [-Wformat=]
             printf("El resultado del factorial de A:%d es %d y de B:%d es %d\n\n",primerNumero,segundoNumero,factorialA,factorialB);
                                                                      ^
..\src\Tp-1 Calculadora.c:77:76: warning: format '%d' expects argument of type 'int', but argument 5 has type 'long unsigned int' [-Wformat=]
             printf("El resultado del factorial de A:%d es %d y de B:%d es %d\n\n",primerNumero,segundoNumero,factorialA,factorialB);
                                                                            ^
gcc -O0 -g3 -Wall -c -fmessage-length=0 -o "src\\Funciones.o" "..\\src\\Funciones.c" 
..\src\Funciones.c:148:1: warning: return type defaults to 'int' [-Wimplicit-int]
 fFactorial(int primerNumero, int segundoNumero,unsigned long int* a, unsigned long int* b)
 ^~~~~~~~~~
..\src\Funciones.c: In function 'fFactorial':
..\src\Funciones.c:168:1: warning: control reaches end of non-void function [-Wreturn-type]
 }
 ^
gcc -o "Tp-1 Calculadora.exe" "src\\Funciones.o" "src\\Tp-1 Calculadora.o" 
